2025-02-04 11:12:12 Error: [2] require_once(config.php): Failed to open stream: No such file or directory in C:\xampp\htdocs\ai_fluency_lms\public\index.php on line 49
2025-02-04 11:13:16 Error: [2] require_once(config.php): Failed to open stream: No such file or directory in C:\xampp\htdocs\ai_fluency_lms\public\index.php on line 49
2025-02-04 11:13:32 Error: [2] require_once(config.php): Failed to open stream: No such file or directory in C:\xampp\htdocs\ai_fluency_lms\public\index.php on line 49
2025-02-04 12:29:06 Error: [2] Undefined array key "role" in C:\xampp\htdocs\ai_fluency_lms\includes\header.php on line 38
2025-02-04 12:30:14 Error: [2] Undefined array key "role" in C:\xampp\htdocs\ai_fluency_lms\includes\header.php on line 38
2025-02-04 12:30:34 Error: [2] Undefined array key "role" in C:\xampp\htdocs\ai_fluency_lms\includes\header.php on line 38
2025-02-04 12:30:40 Error: [2] Undefined array key "role" in C:\xampp\htdocs\ai_fluency_lms\includes\header.php on line 38
2025-02-04 12:31:38 Error: [2] Undefined array key "role" in C:\xampp\htdocs\ai_fluency_lms\includes\header.php on line 38
2025-02-04 12:31:42 Error: [2] Undefined array key "role" in C:\xampp\htdocs\ai_fluency_lms\includes\header.php on line 38
2025-02-04 12:31:45 Error: [2] Undefined array key "role" in C:\xampp\htdocs\ai_fluency_lms\includes\header.php on line 38
2025-02-04 12:35:04 Error: [2] Undefined array key "role" in C:\xampp\htdocs\ai_fluency_lms\includes\header.php on line 38
2025-02-04 12:35:16 Error: [2] Undefined array key "role" in C:\xampp\htdocs\ai_fluency_lms\includes\header.php on line 38
2025-02-04 12:35:28 Error: [2] Undefined array key "role" in C:\xampp\htdocs\ai_fluency_lms\includes\header.php on line 38
2025-02-04 12:37:11 Error: [2] Undefined array key "role" in C:\xampp\htdocs\ai_fluency_lms\includes\header.php on line 38
2025-02-04 12:37:24 Error: [2] Undefined array key "role" in C:\xampp\htdocs\ai_fluency_lms\includes\header.php on line 38
2025-02-04 12:38:00 Error: [8192] Constant FILTER_SANITIZE_STRING is deprecated in C:\xampp\htdocs\ai_fluency_lms\public\register.php on line 13
2025-02-05 08:50:38 Error: [8192] round(): Passing null to parameter #1 ($num) of type int|float is deprecated in C:\xampp\htdocs\ai_fluency_lms\classes\dashboard.php on line 70
2025-02-05 08:51:06 Error: [8192] round(): Passing null to parameter #1 ($num) of type int|float is deprecated in C:\xampp\htdocs\ai_fluency_lms\classes\dashboard.php on line 70
2025-02-05 08:51:56 Error: [8192] Constant FILTER_SANITIZE_STRING is deprecated in C:\xampp\htdocs\ai_fluency_lms\public\register.php on line 13
2025-02-05 09:05:39 Error: [8192] round(): Passing null to parameter #1 ($num) of type int|float is deprecated in C:\xampp\htdocs\ai_fluency_lms\classes\dashboard.php on line 70
2025-02-05 09:05:50 Error: [8192] round(): Passing null to parameter #1 ($num) of type int|float is deprecated in C:\xampp\htdocs\ai_fluency_lms\classes\dashboard.php on line 70
2025-02-05 09:21:29 Error: [2] Cannot modify header information - headers already sent by (output started at C:\xampp\htdocs\ai_fluency_lms\tests\test_auth.php:12) in C:\xampp\htdocs\ai_fluency_lms\classes\Auth.php on line 54
2025-02-05 09:32:23 Error: [8192] round(): Passing null to parameter #1 ($num) of type int|float is deprecated in C:\xampp\htdocs\ai_fluency_lms\classes\dashboard.php on line 70
2025-02-05 12:55:16 Error: [2] Undefined variable $isAdmin in C:\xampp\htdocs\ai_fluency_lms\includes\header.php on line 28
2025-02-05 14:40:26 Error: [2] require_once(../classes/Course.php): Failed to open stream: No such file or directory in C:\xampp\htdocs\ai_fluency_lms\public\course-list.php on line 4
2025-02-07 11:54:22 Error: [2] Undefined variable $couseId in C:\xampp\htdocs\ai_fluency_lms\public\module-form.php on line 40
2025-02-07 11:55:24 Error: [2] Undefined variable $couseId in C:\xampp\htdocs\ai_fluency_lms\public\module-form.php on line 40
